mode: set
github.com/Bialek328/go-casino-247/pkg/blackjack/deck.go:32.26,35.33 3 1
github.com/Bialek328/go-casino-247/pkg/blackjack/deck.go:35.33,38.3 2 1
github.com/Bialek328/go-casino-247/pkg/blackjack/deck.go:41.32,46.2 4 1
github.com/Bialek328/go-casino-247/pkg/blackjack/deck.go:48.38,52.40 2 1
github.com/Bialek328/go-casino-247/pkg/blackjack/deck.go:52.40,55.6 2 1
github.com/Bialek328/go-casino-247/pkg/blackjack/deck.go:56.5,58.16 3 1
github.com/Bialek328/go-casino-247/pkg/blackjack/deck.go:61.37,63.35 2 1
github.com/Bialek328/go-casino-247/pkg/blackjack/deck.go:63.35,64.41 1 1
github.com/Bialek328/go-casino-247/pkg/blackjack/deck.go:64.41,66.27 2 1
github.com/Bialek328/go-casino-247/pkg/blackjack/deck.go:67.36,68.36 1 1
github.com/Bialek328/go-casino-247/pkg/blackjack/deck.go:69.22,70.33 1 1
github.com/Bialek328/go-casino-247/pkg/blackjack/deck.go:71.21,72.48 1 1
github.com/Bialek328/go-casino-247/pkg/blackjack/deck.go:74.13,74.84 1 1
github.com/Bialek328/go-casino-247/pkg/blackjack/deck.go:77.5,77.17 1 1
github.com/Bialek328/go-casino-247/pkg/blackjack/player.go:11.36,15.2 3 1
github.com/Bialek328/go-casino-247/pkg/blackjack/player.go:17.25,21.2 3 1
github.com/Bialek328/go-casino-247/pkg/blackjack/player.go:23.33,27.30 3 1
github.com/Bialek328/go-casino-247/pkg/blackjack/player.go:27.30,29.25 2 1
github.com/Bialek328/go-casino-247/pkg/blackjack/player.go:29.25,31.4 1 1
github.com/Bialek328/go-casino-247/pkg/blackjack/player.go:33.2,33.32 1 1
github.com/Bialek328/go-casino-247/pkg/blackjack/player.go:33.32,36.3 2 1
github.com/Bialek328/go-casino-247/pkg/blackjack/player.go:37.2,37.21 1 1
github.com/Bialek328/go-casino-247/pkg/blackjack/player.go:40.37,42.2 1 1
github.com/Bialek328/go-casino-247/pkg/blackjack/player.go:50.33,52.30 2 0
github.com/Bialek328/go-casino-247/pkg/blackjack/player.go:52.30,54.3 1 0
github.com/Bialek328/go-casino-247/pkg/blackjack/player.go:55.2,55.21 1 0
github.com/Bialek328/go-casino-247/pkg/blackjack/player.go:58.37,60.2 1 1
github.com/Bialek328/go-casino-247/pkg/blackjack/table.go:9.30,11.2 0 0
github.com/Bialek328/go-casino-247/pkg/blackjack/table.go:13.35,15.2 1 0
github.com/Bialek328/go-casino-247/pkg/blackjack/table.go:17.38,19.2 1 0
github.com/Bialek328/go-casino-247/pkg/blackjack/table.go:21.31,23.2 0 0
